Using pre-set license
Built from '2020.3/staging' branch; Version is '2020.3.8f1 (507919d4fff5) revision 5273881'; Using compiler version '192528614'; Build Type 'Release'
OS: 'Windows 10 Home Single Language; OS build 19041.1052; Version 2004; 64bit' Language: 'en' Physical Memory: 7834 MB
BatchMode: 1, IsHumanControllingUs: 0, StartBugReporterOnCrash: 0, Is64bit: 1, IsPro: 0

 COMMAND LINE ARGUMENTS:
C:\Program Files\Unity\2020.3.8f1\Editor\Unity.exe
-adb2
-batchMode
-noUpm
-name
AssetImportWorker0
-projectPath
C:/Users/siddharth/NFS Least Wanted
-logFile
Logs/AssetImportWorker0.log
-srvPort
49820
Successfully changed project path to: C:/Users/siddharth/NFS Least Wanted
C:/Users/siddharth/NFS Least Wanted
Using Asset Import Pipeline V2.
Refreshing native plugins compatible for Editor in 22.28 ms, found 0 plugins.
Preloading 0 native plugins for Editor in 0.00 ms.
Initialize engine version: 2020.3.8f1 (507919d4fff5)
[Subsystems] Discovering subsystems at path C:/Program Files/Unity/2020.3.8f1/Editor/Data/Resources/UnitySubsystems
[Subsystems] Discovering subsystems at path C:/Users/siddharth/NFS Least Wanted/Assets
GfxDevice: creating device client; threaded=0
Direct3D:
    Version:  Direct3D 11.0 [level 11.1]
    Renderer: Intel(R) Iris(R) Xe Graphics (ID=0x9a49)
    Vendor:   
    VRAM:     3917 MB
    Driver:   27.20.100.8935
Initialize mono
Mono path[0] = 'C:/Program Files/Unity/2020.3.8f1/Editor/Data/Managed'
Mono path[1] = 'C:/Program Files/Unity/2020.3.8f1/Editor/Data/MonoBleedingEdge/lib/mono/unityjit'
Mono config path = 'C:/Program Files/Unity/2020.3.8f1/Editor/Data/MonoBleedingEdge/etc'
Using monoOptions --debugger-agent=transport=dt_socket,embedding=1,server=y,suspend=n,address=127.0.0.1:56608
Begin MonoManager ReloadAssembly
Registering precompiled unity dll's ...
Register platform support module: C:/Program Files/Unity/2020.3.8f1/Editor/Data/PlaybackEngines/WebGLSupport/UnityEditor.WebGL.Extensions.dll
Register platform support module: C:/Program Files/Unity/2020.3.8f1/Editor/Data/PlaybackEngines/WindowsStandaloneSupport/UnityEditor.WindowsStandalone.Extensions.dll
Registered in 0.006173 seconds.
Native extension for WindowsStandalone target not found
Native extension for WebGL target not found
Refreshing native plugins compatible for Editor in 24.53 ms, found 0 plugins.
Preloading 0 native plugins for Editor in 0.00 ms.
Mono: successfully reloaded assembly
- Completed reload, in  2.401 seconds
Platform modules already initialized, skipping
Registering precompiled user dll's ...
Registered in 0.002070 seconds.
Begin MonoManager ReloadAssembly
Native extension for WindowsStandalone target not found
Native extension for WebGL target not found
Refreshing native plugins compatible for Editor in 0.39 ms, found 0 plugins.
Preloading 0 native plugins for Editor in 0.00 ms.
Mono: successfully reloaded assembly
- Completed reload, in  1.555 seconds
Platform modules already initialized, skipping
========================================================================
Worker process is ready to serve import requests
Launched and connected shader compiler UnityShaderCompiler.exe after 0.07 seconds
Refreshing native plugins compatible for Editor in 0.32 ms, found 0 plugins.
Preloading 0 native plugins for Editor in 0.00 ms.
Unloading 1125 Unused Serialized files (Serialized files now loaded: 0)
System memory in use before: 57.5 MB.
System memory in use after: 57.5 MB.

Unloading 10 unused Assets to reduce memory usage. Loaded Objects now: 1568.
Total: 2.883600 ms (FindLiveObjects: 0.127200 ms CreateObjectMapping: 0.026200 ms MarkObjects: 2.603000 ms  DeleteObjects: 0.125200 ms)

========================================================================
Received Import Request.
  path: Assets/Score.cs
  artifactKey: Guid(83e1b68be55922840ac50e6582ca46e3) Importer(815301076,1909f56bfc062723c751e8b465ee728b)
Start importing Assets/Score.cs using Guid(83e1b68be55922840ac50e6582ca46e3) Importer(815301076,1909f56bfc062723c751e8b465ee728b)  -> (artifact id: '2a241e55997f1af8cd437d36eb4f2dac') in 0.050304 seconds
  Import took 0.054605 seconds .

========================================================================
Received Import Request.
  Time since last request: 82.698605 seconds.
  path: Assets/LevelComplete.cs
  artifactKey: Guid(1274376fe3a15b24483e3aa20cbcb077) Importer(815301076,1909f56bfc062723c751e8b465ee728b)
Start importing Assets/LevelComplete.cs using Guid(1274376fe3a15b24483e3aa20cbcb077) Importer(815301076,1909f56bfc062723c751e8b465ee728b)  -> (artifact id: 'bfcbec2cb4aed015cf2ca293ff876a7f') in 0.032887 seconds
  Import took 0.041277 seconds .

========================================================================
Received Import Request.
  Time since last request: 90.244177 seconds.
  path: Assets/Level02.unity
  artifactKey: Guid(22b33ce5b35126a4d86471e193bc90fe) Importer(815301076,1909f56bfc062723c751e8b465ee728b)
Start importing Assets/Level02.unity using Guid(22b33ce5b35126a4d86471e193bc90fe) Importer(815301076,1909f56bfc062723c751e8b465ee728b)  -> (artifact id: 'edf308409b41b6b62c54f4921b1cf352') in 0.032044 seconds
  Import took 0.035705 seconds .

========================================================================
Received Import Request.
  Time since last request: 5.561642 seconds.
  path: Assets/Level03.unity
  artifactKey: Guid(0dfe599db23723b4cac4d6b88ed6dfdd) Importer(815301076,1909f56bfc062723c751e8b465ee728b)
Start importing Assets/Level03.unity using Guid(0dfe599db23723b4cac4d6b88ed6dfdd) Importer(815301076,1909f56bfc062723c751e8b465ee728b)  -> (artifact id: '3c8d63c672b5fe5b6dfe7767f51597b8') in 0.017139 seconds
  Import took 0.021300 seconds .

========================================================================
Received Import Request.
  Time since last request: 0.001599 seconds.
  path: Assets/Level03.unity
  artifactKey: Guid(0dfe599db23723b4cac4d6b88ed6dfdd) Importer(815301076,1909f56bfc062723c751e8b465ee728b)
Start importing Assets/Level03.unity using Guid(0dfe599db23723b4cac4d6b88ed6dfdd) Importer(815301076,1909f56bfc062723c751e8b465ee728b)  -> (artifact id: '3c8d63c672b5fe5b6dfe7767f51597b8') in 0.006833 seconds
  Import took 0.010422 seconds .

========================================================================
Received Import Request.
  Time since last request: 3.886524 seconds.
  path: Assets/Thanks.unity
  artifactKey: Guid(4a524dde8f00fdf45a30f09053381b80) Importer(815301076,1909f56bfc062723c751e8b465ee728b)
Start importing Assets/Thanks.unity using Guid(4a524dde8f00fdf45a30f09053381b80) Importer(815301076,1909f56bfc062723c751e8b465ee728b)  -> (artifact id: '5a7ac7d4d9f0177b9c928862a4a9faca') in 0.013471 seconds
  Import took 0.016881 seconds .

========================================================================
Received Prepare
Registering precompiled user dll's ...
Registered in 0.002721 seconds.
Begin MonoManager ReloadAssembly
Native extension for WindowsStandalone target not found
Native extension for WebGL target not found
Refreshing native plugins compatible for Editor in 0.34 ms, found 0 plugins.
Preloading 0 native plugins for Editor in 0.00 ms.
Mono: successfully reloaded assembly
- Completed reload, in  1.928 seconds
Platform modules already initialized, skipping
Refreshing native plugins compatible for Editor in 0.45 ms, found 0 plugins.
Preloading 0 native plugins for Editor in 0.00 ms.
Unloading 1120 Unused Serialized files (Serialized files now loaded: 0)
System memory in use before: 57.4 MB.
System memory in use after: 57.5 MB.

Unloading 5 unused Assets to reduce memory usage. Loaded Objects now: 1571.
Total: 4.216400 ms (FindLiveObjects: 0.210400 ms CreateObjectMapping: 0.059800 ms MarkObjects: 3.310700 ms  DeleteObjects: 0.633600 ms)

AssetImportWorkerClient::OnTransportError - code=2 error=End of file
